have_func: checking for rb_gc_stat()... -------------------- no

"gcc -o conftest -I/home/cprice/.rvm/rubies/ruby-1.9.3-p392/include/ruby-1.9.1/x86_64-linux -I/home/cprice/.rvm/rubies/ruby-1.9.3-p392/include/ruby-1.9.1/ruby/backward -I/home/cprice/.rvm/rubies/ruby-1.9.3-p392/include/ruby-1.9.1 -I.     -O3 -ggdb -Wall -Wextra -Wno-unused-parameter -Wno-parentheses -Wno-long-long -Wno-missing-field-initializers -Wpointer-arith -Wwrite-strings -Wdeclaration-after-statement -Wimplicit-function-declaration  -fPIC conftest.c  -L. -L/home/cprice/.rvm/rubies/ruby-1.9.3-p392/lib -Wl,-R/home/cprice/.rvm/rubies/ruby-1.9.3-p392/lib -L.  -rdynamic -Wl,-export-dynamic     -Wl,-R -Wl,/home/cprice/.rvm/rubies/ruby-1.9.3-p392/lib -L/home/cprice/.rvm/rubies/ruby-1.9.3-p392/lib -lruby  -lpthread -lrt -ldl -lcrypt -lm   -lc"
checked program was:
/* begin */
1: #include "ruby.h"
2: 
3: int main() {return 0;}
/* end */

"gcc -o conftest -I/home/cprice/.rvm/rubies/ruby-1.9.3-p392/include/ruby-1.9.1/x86_64-linux -I/home/cprice/.rvm/rubies/ruby-1.9.3-p392/include/ruby-1.9.1/ruby/backward -I/home/cprice/.rvm/rubies/ruby-1.9.3-p392/include/ruby-1.9.1 -I.     -O3 -ggdb -Wall -Wextra -Wno-unused-parameter -Wno-parentheses -Wno-long-long -Wno-missing-field-initializers -Wpointer-arith -Wwrite-strings -Wdeclaration-after-statement -Wimplicit-function-declaration  -fPIC conftest.c  -L. -L/home/cprice/.rvm/rubies/ruby-1.9.3-p392/lib -Wl,-R/home/cprice/.rvm/rubies/ruby-1.9.3-p392/lib -L.  -rdynamic -Wl,-export-dynamic     -Wl,-R -Wl,/home/cprice/.rvm/rubies/ruby-1.9.3-p392/lib -L/home/cprice/.rvm/rubies/ruby-1.9.3-p392/lib -lruby  -lpthread -lrt -ldl -lcrypt -lm   -lc"
conftest.c: In function ‘t’:
conftest.c:5:53: error: ‘rb_gc_stat’ undeclared (first use in this function)
conftest.c:5:53: note: each undeclared identifier is reported only once for each function it appears in
conftest.c:5:28: warning: variable ‘p’ set but not used [-Wunused-but-set-variable]
checked program was:
/* begin */
1: #include "ruby.h"
2: 
3: /*top*/
4: int main() {return 0;}
5: int t() { void ((*volatile p)()); p = (void ((*)()))rb_gc_stat; return 0; }
/* end */

"gcc -o conftest -I/home/cprice/.rvm/rubies/ruby-1.9.3-p392/include/ruby-1.9.1/x86_64-linux -I/home/cprice/.rvm/rubies/ruby-1.9.3-p392/include/ruby-1.9.1/ruby/backward -I/home/cprice/.rvm/rubies/ruby-1.9.3-p392/include/ruby-1.9.1 -I.     -O3 -ggdb -Wall -Wextra -Wno-unused-parameter -Wno-parentheses -Wno-long-long -Wno-missing-field-initializers -Wpointer-arith -Wwrite-strings -Wdeclaration-after-statement -Wimplicit-function-declaration  -fPIC conftest.c  -L. -L/home/cprice/.rvm/rubies/ruby-1.9.3-p392/lib -Wl,-R/home/cprice/.rvm/rubies/ruby-1.9.3-p392/lib -L.  -rdynamic -Wl,-export-dynamic     -Wl,-R -Wl,/home/cprice/.rvm/rubies/ruby-1.9.3-p392/lib -L/home/cprice/.rvm/rubies/ruby-1.9.3-p392/lib -lruby  -lpthread -lrt -ldl -lcrypt -lm   -lc"
conftest.c: In function ‘t’:
conftest.c:5:1: warning: implicit declaration of function ‘rb_gc_stat’ [-Wimplicit-function-declaration]
/tmp/cch1bWsN.o: In function `t':
/opt/git/jvm-puppet/jvm-puppet/ruby/puppet/bundle/ruby/1.9.1/gems/ruby-prof-0.14.2/ext/ruby_prof/conftest.c:5: undefined reference to `rb_gc_stat'
collect2: error: ld returned 1 exit status
checked program was:
/* begin */
1: #include "ruby.h"
2: 
3: /*top*/
4: int main() {return 0;}
5: int t() { rb_gc_stat(); return 0; }
/* end */

--------------------

have_func: checking for rb_gc_count()... -------------------- no

"gcc -o conftest -I/home/cprice/.rvm/rubies/ruby-1.9.3-p392/include/ruby-1.9.1/x86_64-linux -I/home/cprice/.rvm/rubies/ruby-1.9.3-p392/include/ruby-1.9.1/ruby/backward -I/home/cprice/.rvm/rubies/ruby-1.9.3-p392/include/ruby-1.9.1 -I.     -O3 -ggdb -Wall -Wextra -Wno-unused-parameter -Wno-parentheses -Wno-long-long -Wno-missing-field-initializers -Wpointer-arith -Wwrite-strings -Wdeclaration-after-statement -Wimplicit-function-declaration  -fPIC conftest.c  -L. -L/home/cprice/.rvm/rubies/ruby-1.9.3-p392/lib -Wl,-R/home/cprice/.rvm/rubies/ruby-1.9.3-p392/lib -L.  -rdynamic -Wl,-export-dynamic     -Wl,-R -Wl,/home/cprice/.rvm/rubies/ruby-1.9.3-p392/lib -L/home/cprice/.rvm/rubies/ruby-1.9.3-p392/lib -lruby  -lpthread -lrt -ldl -lcrypt -lm   -lc"
conftest.c: In function ‘t’:
conftest.c:5:53: error: ‘rb_gc_count’ undeclared (first use in this function)
conftest.c:5:53: note: each undeclared identifier is reported only once for each function it appears in
conftest.c:5:28: warning: variable ‘p’ set but not used [-Wunused-but-set-variable]
checked program was:
/* begin */
1: #include "ruby.h"
2: 
3: /*top*/
4: int main() {return 0;}
5: int t() { void ((*volatile p)()); p = (void ((*)()))rb_gc_count; return 0; }
/* end */

"gcc -o conftest -I/home/cprice/.rvm/rubies/ruby-1.9.3-p392/include/ruby-1.9.1/x86_64-linux -I/home/cprice/.rvm/rubies/ruby-1.9.3-p392/include/ruby-1.9.1/ruby/backward -I/home/cprice/.rvm/rubies/ruby-1.9.3-p392/include/ruby-1.9.1 -I.     -O3 -ggdb -Wall -Wextra -Wno-unused-parameter -Wno-parentheses -Wno-long-long -Wno-missing-field-initializers -Wpointer-arith -Wwrite-strings -Wdeclaration-after-statement -Wimplicit-function-declaration  -fPIC conftest.c  -L. -L/home/cprice/.rvm/rubies/ruby-1.9.3-p392/lib -Wl,-R/home/cprice/.rvm/rubies/ruby-1.9.3-p392/lib -L.  -rdynamic -Wl,-export-dynamic     -Wl,-R -Wl,/home/cprice/.rvm/rubies/ruby-1.9.3-p392/lib -L/home/cprice/.rvm/rubies/ruby-1.9.3-p392/lib -lruby  -lpthread -lrt -ldl -lcrypt -lm   -lc"
conftest.c: In function ‘t’:
conftest.c:5:1: warning: implicit declaration of function ‘rb_gc_count’ [-Wimplicit-function-declaration]
/tmp/ccPGNVnV.o: In function `t':
/opt/git/jvm-puppet/jvm-puppet/ruby/puppet/bundle/ruby/1.9.1/gems/ruby-prof-0.14.2/ext/ruby_prof/conftest.c:5: undefined reference to `rb_gc_count'
collect2: error: ld returned 1 exit status
checked program was:
/* begin */
1: #include "ruby.h"
2: 
3: /*top*/
4: int main() {return 0;}
5: int t() { rb_gc_count(); return 0; }
/* end */

--------------------

have_func: checking for rb_os_allocated_objects()... -------------------- no

"gcc -o conftest -I/home/cprice/.rvm/rubies/ruby-1.9.3-p392/include/ruby-1.9.1/x86_64-linux -I/home/cprice/.rvm/rubies/ruby-1.9.3-p392/include/ruby-1.9.1/ruby/backward -I/home/cprice/.rvm/rubies/ruby-1.9.3-p392/include/ruby-1.9.1 -I.     -O3 -ggdb -Wall -Wextra -Wno-unused-parameter -Wno-parentheses -Wno-long-long -Wno-missing-field-initializers -Wpointer-arith -Wwrite-strings -Wdeclaration-after-statement -Wimplicit-function-declaration  -fPIC conftest.c  -L. -L/home/cprice/.rvm/rubies/ruby-1.9.3-p392/lib -Wl,-R/home/cprice/.rvm/rubies/ruby-1.9.3-p392/lib -L.  -rdynamic -Wl,-export-dynamic     -Wl,-R -Wl,/home/cprice/.rvm/rubies/ruby-1.9.3-p392/lib -L/home/cprice/.rvm/rubies/ruby-1.9.3-p392/lib -lruby  -lpthread -lrt -ldl -lcrypt -lm   -lc"
conftest.c: In function ‘t’:
conftest.c:5:53: error: ‘rb_os_allocated_objects’ undeclared (first use in this function)
conftest.c:5:53: note: each undeclared identifier is reported only once for each function it appears in
conftest.c:5:28: warning: variable ‘p’ set but not used [-Wunused-but-set-variable]
checked program was:
/* begin */
1: #include "ruby.h"
2: 
3: /*top*/
4: int main() {return 0;}
5: int t() { void ((*volatile p)()); p = (void ((*)()))rb_os_allocated_objects; return 0; }
/* end */

"gcc -o conftest -I/home/cprice/.rvm/rubies/ruby-1.9.3-p392/include/ruby-1.9.1/x86_64-linux -I/home/cprice/.rvm/rubies/ruby-1.9.3-p392/include/ruby-1.9.1/ruby/backward -I/home/cprice/.rvm/rubies/ruby-1.9.3-p392/include/ruby-1.9.1 -I.     -O3 -ggdb -Wall -Wextra -Wno-unused-parameter -Wno-parentheses -Wno-long-long -Wno-missing-field-initializers -Wpointer-arith -Wwrite-strings -Wdeclaration-after-statement -Wimplicit-function-declaration  -fPIC conftest.c  -L. -L/home/cprice/.rvm/rubies/ruby-1.9.3-p392/lib -Wl,-R/home/cprice/.rvm/rubies/ruby-1.9.3-p392/lib -L.  -rdynamic -Wl,-export-dynamic     -Wl,-R -Wl,/home/cprice/.rvm/rubies/ruby-1.9.3-p392/lib -L/home/cprice/.rvm/rubies/ruby-1.9.3-p392/lib -lruby  -lpthread -lrt -ldl -lcrypt -lm   -lc"
conftest.c: In function ‘t’:
conftest.c:5:1: warning: implicit declaration of function ‘rb_os_allocated_objects’ [-Wimplicit-function-declaration]
/tmp/ccelHah3.o: In function `t':
/opt/git/jvm-puppet/jvm-puppet/ruby/puppet/bundle/ruby/1.9.1/gems/ruby-prof-0.14.2/ext/ruby_prof/conftest.c:5: undefined reference to `rb_os_allocated_objects'
collect2: error: ld returned 1 exit status
checked program was:
/* begin */
1: #include "ruby.h"
2: 
3: /*top*/
4: int main() {return 0;}
5: int t() { rb_os_allocated_objects(); return 0; }
/* end */

--------------------

have_func: checking for rb_gc_allocated_size()... -------------------- no

"gcc -o conftest -I/home/cprice/.rvm/rubies/ruby-1.9.3-p392/include/ruby-1.9.1/x86_64-linux -I/home/cprice/.rvm/rubies/ruby-1.9.3-p392/include/ruby-1.9.1/ruby/backward -I/home/cprice/.rvm/rubies/ruby-1.9.3-p392/include/ruby-1.9.1 -I.     -O3 -ggdb -Wall -Wextra -Wno-unused-parameter -Wno-parentheses -Wno-long-long -Wno-missing-field-initializers -Wpointer-arith -Wwrite-strings -Wdeclaration-after-statement -Wimplicit-function-declaration  -fPIC conftest.c  -L. -L/home/cprice/.rvm/rubies/ruby-1.9.3-p392/lib -Wl,-R/home/cprice/.rvm/rubies/ruby-1.9.3-p392/lib -L.  -rdynamic -Wl,-export-dynamic     -Wl,-R -Wl,/home/cprice/.rvm/rubies/ruby-1.9.3-p392/lib -L/home/cprice/.rvm/rubies/ruby-1.9.3-p392/lib -lruby  -lpthread -lrt -ldl -lcrypt -lm   -lc"
conftest.c: In function ‘t’:
conftest.c:5:53: error: ‘rb_gc_allocated_size’ undeclared (first use in this function)
conftest.c:5:53: note: each undeclared identifier is reported only once for each function it appears in
conftest.c:5:28: warning: variable ‘p’ set but not used [-Wunused-but-set-variable]
checked program was:
/* begin */
1: #include "ruby.h"
2: 
3: /*top*/
4: int main() {return 0;}
5: int t() { void ((*volatile p)()); p = (void ((*)()))rb_gc_allocated_size; return 0; }
/* end */

"gcc -o conftest -I/home/cprice/.rvm/rubies/ruby-1.9.3-p392/include/ruby-1.9.1/x86_64-linux -I/home/cprice/.rvm/rubies/ruby-1.9.3-p392/include/ruby-1.9.1/ruby/backward -I/home/cprice/.rvm/rubies/ruby-1.9.3-p392/include/ruby-1.9.1 -I.     -O3 -ggdb -Wall -Wextra -Wno-unused-parameter -Wno-parentheses -Wno-long-long -Wno-missing-field-initializers -Wpointer-arith -Wwrite-strings -Wdeclaration-after-statement -Wimplicit-function-declaration  -fPIC conftest.c  -L. -L/home/cprice/.rvm/rubies/ruby-1.9.3-p392/lib -Wl,-R/home/cprice/.rvm/rubies/ruby-1.9.3-p392/lib -L.  -rdynamic -Wl,-export-dynamic     -Wl,-R -Wl,/home/cprice/.rvm/rubies/ruby-1.9.3-p392/lib -L/home/cprice/.rvm/rubies/ruby-1.9.3-p392/lib -lruby  -lpthread -lrt -ldl -lcrypt -lm   -lc"
conftest.c: In function ‘t’:
conftest.c:5:1: warning: implicit declaration of function ‘rb_gc_allocated_size’ [-Wimplicit-function-declaration]
/tmp/cc38f7Ub.o: In function `t':
/opt/git/jvm-puppet/jvm-puppet/ruby/puppet/bundle/ruby/1.9.1/gems/ruby-prof-0.14.2/ext/ruby_prof/conftest.c:5: undefined reference to `rb_gc_allocated_size'
collect2: error: ld returned 1 exit status
checked program was:
/* begin */
1: #include "ruby.h"
2: 
3: /*top*/
4: int main() {return 0;}
5: int t() { rb_gc_allocated_size(); return 0; }
/* end */

--------------------

have_func: checking for rb_gc_collections()... -------------------- no

"gcc -o conftest -I/home/cprice/.rvm/rubies/ruby-1.9.3-p392/include/ruby-1.9.1/x86_64-linux -I/home/cprice/.rvm/rubies/ruby-1.9.3-p392/include/ruby-1.9.1/ruby/backward -I/home/cprice/.rvm/rubies/ruby-1.9.3-p392/include/ruby-1.9.1 -I.     -O3 -ggdb -Wall -Wextra -Wno-unused-parameter -Wno-parentheses -Wno-long-long -Wno-missing-field-initializers -Wpointer-arith -Wwrite-strings -Wdeclaration-after-statement -Wimplicit-function-declaration  -fPIC conftest.c  -L. -L/home/cprice/.rvm/rubies/ruby-1.9.3-p392/lib -Wl,-R/home/cprice/.rvm/rubies/ruby-1.9.3-p392/lib -L.  -rdynamic -Wl,-export-dynamic     -Wl,-R -Wl,/home/cprice/.rvm/rubies/ruby-1.9.3-p392/lib -L/home/cprice/.rvm/rubies/ruby-1.9.3-p392/lib -lruby  -lpthread -lrt -ldl -lcrypt -lm   -lc"
conftest.c: In function ‘t’:
conftest.c:5:53: error: ‘rb_gc_collections’ undeclared (first use in this function)
conftest.c:5:53: note: each undeclared identifier is reported only once for each function it appears in
conftest.c:5:28: warning: variable ‘p’ set but not used [-Wunused-but-set-variable]
checked program was:
/* begin */
1: #include "ruby.h"
2: 
3: /*top*/
4: int main() {return 0;}
5: int t() { void ((*volatile p)()); p = (void ((*)()))rb_gc_collections; return 0; }
/* end */

"gcc -o conftest -I/home/cprice/.rvm/rubies/ruby-1.9.3-p392/include/ruby-1.9.1/x86_64-linux -I/home/cprice/.rvm/rubies/ruby-1.9.3-p392/include/ruby-1.9.1/ruby/backward -I/home/cprice/.rvm/rubies/ruby-1.9.3-p392/include/ruby-1.9.1 -I.     -O3 -ggdb -Wall -Wextra -Wno-unused-parameter -Wno-parentheses -Wno-long-long -Wno-missing-field-initializers -Wpointer-arith -Wwrite-strings -Wdeclaration-after-statement -Wimplicit-function-declaration  -fPIC conftest.c  -L. -L/home/cprice/.rvm/rubies/ruby-1.9.3-p392/lib -Wl,-R/home/cprice/.rvm/rubies/ruby-1.9.3-p392/lib -L.  -rdynamic -Wl,-export-dynamic     -Wl,-R -Wl,/home/cprice/.rvm/rubies/ruby-1.9.3-p392/lib -L/home/cprice/.rvm/rubies/ruby-1.9.3-p392/lib -lruby  -lpthread -lrt -ldl -lcrypt -lm   -lc"
conftest.c: In function ‘t’:
conftest.c:5:1: warning: implicit declaration of function ‘rb_gc_collections’ [-Wimplicit-function-declaration]
/tmp/ccYMMTqk.o: In function `t':
/opt/git/jvm-puppet/jvm-puppet/ruby/puppet/bundle/ruby/1.9.1/gems/ruby-prof-0.14.2/ext/ruby_prof/conftest.c:5: undefined reference to `rb_gc_collections'
collect2: error: ld returned 1 exit status
checked program was:
/* begin */
1: #include "ruby.h"
2: 
3: /*top*/
4: int main() {return 0;}
5: int t() { rb_gc_collections(); return 0; }
/* end */

--------------------

have_func: checking for rb_gc_time()... -------------------- no

"gcc -o conftest -I/home/cprice/.rvm/rubies/ruby-1.9.3-p392/include/ruby-1.9.1/x86_64-linux -I/home/cprice/.rvm/rubies/ruby-1.9.3-p392/include/ruby-1.9.1/ruby/backward -I/home/cprice/.rvm/rubies/ruby-1.9.3-p392/include/ruby-1.9.1 -I.     -O3 -ggdb -Wall -Wextra -Wno-unused-parameter -Wno-parentheses -Wno-long-long -Wno-missing-field-initializers -Wpointer-arith -Wwrite-strings -Wdeclaration-after-statement -Wimplicit-function-declaration  -fPIC conftest.c  -L. -L/home/cprice/.rvm/rubies/ruby-1.9.3-p392/lib -Wl,-R/home/cprice/.rvm/rubies/ruby-1.9.3-p392/lib -L.  -rdynamic -Wl,-export-dynamic     -Wl,-R -Wl,/home/cprice/.rvm/rubies/ruby-1.9.3-p392/lib -L/home/cprice/.rvm/rubies/ruby-1.9.3-p392/lib -lruby  -lpthread -lrt -ldl -lcrypt -lm   -lc"
conftest.c: In function ‘t’:
conftest.c:5:53: error: ‘rb_gc_time’ undeclared (first use in this function)
conftest.c:5:53: note: each undeclared identifier is reported only once for each function it appears in
conftest.c:5:28: warning: variable ‘p’ set but not used [-Wunused-but-set-variable]
checked program was:
/* begin */
1: #include "ruby.h"
2: 
3: /*top*/
4: int main() {return 0;}
5: int t() { void ((*volatile p)()); p = (void ((*)()))rb_gc_time; return 0; }
/* end */

"gcc -o conftest -I/home/cprice/.rvm/rubies/ruby-1.9.3-p392/include/ruby-1.9.1/x86_64-linux -I/home/cprice/.rvm/rubies/ruby-1.9.3-p392/include/ruby-1.9.1/ruby/backward -I/home/cprice/.rvm/rubies/ruby-1.9.3-p392/include/ruby-1.9.1 -I.     -O3 -ggdb -Wall -Wextra -Wno-unused-parameter -Wno-parentheses -Wno-long-long -Wno-missing-field-initializers -Wpointer-arith -Wwrite-strings -Wdeclaration-after-statement -Wimplicit-function-declaration  -fPIC conftest.c  -L. -L/home/cprice/.rvm/rubies/ruby-1.9.3-p392/lib -Wl,-R/home/cprice/.rvm/rubies/ruby-1.9.3-p392/lib -L.  -rdynamic -Wl,-export-dynamic     -Wl,-R -Wl,/home/cprice/.rvm/rubies/ruby-1.9.3-p392/lib -L/home/cprice/.rvm/rubies/ruby-1.9.3-p392/lib -lruby  -lpthread -lrt -ldl -lcrypt -lm   -lc"
conftest.c: In function ‘t’:
conftest.c:5:1: warning: implicit declaration of function ‘rb_gc_time’ [-Wimplicit-function-declaration]
/tmp/ccquswtr.o: In function `t':
/opt/git/jvm-puppet/jvm-puppet/ruby/puppet/bundle/ruby/1.9.1/gems/ruby-prof-0.14.2/ext/ruby_prof/conftest.c:5: undefined reference to `rb_gc_time'
collect2: error: ld returned 1 exit status
checked program was:
/* begin */
1: #include "ruby.h"
2: 
3: /*top*/
4: int main() {return 0;}
5: int t() { rb_gc_time(); return 0; }
/* end */

--------------------

have_func: checking for rb_gc_total_time()... -------------------- no

"gcc -o conftest -I/home/cprice/.rvm/rubies/ruby-1.9.3-p392/include/ruby-1.9.1/x86_64-linux -I/home/cprice/.rvm/rubies/ruby-1.9.3-p392/include/ruby-1.9.1/ruby/backward -I/home/cprice/.rvm/rubies/ruby-1.9.3-p392/include/ruby-1.9.1 -I.     -O3 -ggdb -Wall -Wextra -Wno-unused-parameter -Wno-parentheses -Wno-long-long -Wno-missing-field-initializers -Wpointer-arith -Wwrite-strings -Wdeclaration-after-statement -Wimplicit-function-declaration  -fPIC conftest.c  -L. -L/home/cprice/.rvm/rubies/ruby-1.9.3-p392/lib -Wl,-R/home/cprice/.rvm/rubies/ruby-1.9.3-p392/lib -L.  -rdynamic -Wl,-export-dynamic     -Wl,-R -Wl,/home/cprice/.rvm/rubies/ruby-1.9.3-p392/lib -L/home/cprice/.rvm/rubies/ruby-1.9.3-p392/lib -lruby  -lpthread -lrt -ldl -lcrypt -lm   -lc"
conftest.c: In function ‘t’:
conftest.c:5:53: error: ‘rb_gc_total_time’ undeclared (first use in this function)
conftest.c:5:53: note: each undeclared identifier is reported only once for each function it appears in
conftest.c:5:28: warning: variable ‘p’ set but not used [-Wunused-but-set-variable]
checked program was:
/* begin */
1: #include "ruby.h"
2: 
3: /*top*/
4: int main() {return 0;}
5: int t() { void ((*volatile p)()); p = (void ((*)()))rb_gc_total_time; return 0; }
/* end */

"gcc -o conftest -I/home/cprice/.rvm/rubies/ruby-1.9.3-p392/include/ruby-1.9.1/x86_64-linux -I/home/cprice/.rvm/rubies/ruby-1.9.3-p392/include/ruby-1.9.1/ruby/backward -I/home/cprice/.rvm/rubies/ruby-1.9.3-p392/include/ruby-1.9.1 -I.     -O3 -ggdb -Wall -Wextra -Wno-unused-parameter -Wno-parentheses -Wno-long-long -Wno-missing-field-initializers -Wpointer-arith -Wwrite-strings -Wdeclaration-after-statement -Wimplicit-function-declaration  -fPIC conftest.c  -L. -L/home/cprice/.rvm/rubies/ruby-1.9.3-p392/lib -Wl,-R/home/cprice/.rvm/rubies/ruby-1.9.3-p392/lib -L.  -rdynamic -Wl,-export-dynamic     -Wl,-R -Wl,/home/cprice/.rvm/rubies/ruby-1.9.3-p392/lib -L/home/cprice/.rvm/rubies/ruby-1.9.3-p392/lib -lruby  -lpthread -lrt -ldl -lcrypt -lm   -lc"
conftest.c: In function ‘t’:
conftest.c:5:1: warning: implicit declaration of function ‘rb_gc_total_time’ [-Wimplicit-function-declaration]
/tmp/cctims7y.o: In function `t':
/opt/git/jvm-puppet/jvm-puppet/ruby/puppet/bundle/ruby/1.9.1/gems/ruby-prof-0.14.2/ext/ruby_prof/conftest.c:5: undefined reference to `rb_gc_total_time'
collect2: error: ld returned 1 exit status
checked program was:
/* begin */
1: #include "ruby.h"
2: 
3: /*top*/
4: int main() {return 0;}
5: int t() { rb_gc_total_time(); return 0; }
/* end */

--------------------

have_func: checking for rb_gc_total_mallocs()... -------------------- no

"gcc -o conftest -I/home/cprice/.rvm/rubies/ruby-1.9.3-p392/include/ruby-1.9.1/x86_64-linux -I/home/cprice/.rvm/rubies/ruby-1.9.3-p392/include/ruby-1.9.1/ruby/backward -I/home/cprice/.rvm/rubies/ruby-1.9.3-p392/include/ruby-1.9.1 -I.     -O3 -ggdb -Wall -Wextra -Wno-unused-parameter -Wno-parentheses -Wno-long-long -Wno-missing-field-initializers -Wpointer-arith -Wwrite-strings -Wdeclaration-after-statement -Wimplicit-function-declaration  -fPIC conftest.c  -L. -L/home/cprice/.rvm/rubies/ruby-1.9.3-p392/lib -Wl,-R/home/cprice/.rvm/rubies/ruby-1.9.3-p392/lib -L.  -rdynamic -Wl,-export-dynamic     -Wl,-R -Wl,/home/cprice/.rvm/rubies/ruby-1.9.3-p392/lib -L/home/cprice/.rvm/rubies/ruby-1.9.3-p392/lib -lruby  -lpthread -lrt -ldl -lcrypt -lm   -lc"
conftest.c: In function ‘t’:
conftest.c:5:53: error: ‘rb_gc_total_mallocs’ undeclared (first use in this function)
conftest.c:5:53: note: each undeclared identifier is reported only once for each function it appears in
conftest.c:5:28: warning: variable ‘p’ set but not used [-Wunused-but-set-variable]
checked program was:
/* begin */
1: #include "ruby.h"
2: 
3: /*top*/
4: int main() {return 0;}
5: int t() { void ((*volatile p)()); p = (void ((*)()))rb_gc_total_mallocs; return 0; }
/* end */

"gcc -o conftest -I/home/cprice/.rvm/rubies/ruby-1.9.3-p392/include/ruby-1.9.1/x86_64-linux -I/home/cprice/.rvm/rubies/ruby-1.9.3-p392/include/ruby-1.9.1/ruby/backward -I/home/cprice/.rvm/rubies/ruby-1.9.3-p392/include/ruby-1.9.1 -I.     -O3 -ggdb -Wall -Wextra -Wno-unused-parameter -Wno-parentheses -Wno-long-long -Wno-missing-field-initializers -Wpointer-arith -Wwrite-strings -Wdeclaration-after-statement -Wimplicit-function-declaration  -fPIC conftest.c  -L. -L/home/cprice/.rvm/rubies/ruby-1.9.3-p392/lib -Wl,-R/home/cprice/.rvm/rubies/ruby-1.9.3-p392/lib -L.  -rdynamic -Wl,-export-dynamic     -Wl,-R -Wl,/home/cprice/.rvm/rubies/ruby-1.9.3-p392/lib -L/home/cprice/.rvm/rubies/ruby-1.9.3-p392/lib -lruby  -lpthread -lrt -ldl -lcrypt -lm   -lc"
conftest.c: In function ‘t’:
conftest.c:5:1: warning: implicit declaration of function ‘rb_gc_total_mallocs’ [-Wimplicit-function-declaration]
/tmp/cca04fHv.o: In function `t':
/opt/git/jvm-puppet/jvm-puppet/ruby/puppet/bundle/ruby/1.9.1/gems/ruby-prof-0.14.2/ext/ruby_prof/conftest.c:5: undefined reference to `rb_gc_total_mallocs'
collect2: error: ld returned 1 exit status
checked program was:
/* begin */
1: #include "ruby.h"
2: 
3: /*top*/
4: int main() {return 0;}
5: int t() { rb_gc_total_mallocs(); return 0; }
/* end */

--------------------

have_func: checking for rb_gc_total_malloced_bytes()... -------------------- no

"gcc -o conftest -I/home/cprice/.rvm/rubies/ruby-1.9.3-p392/include/ruby-1.9.1/x86_64-linux -I/home/cprice/.rvm/rubies/ruby-1.9.3-p392/include/ruby-1.9.1/ruby/backward -I/home/cprice/.rvm/rubies/ruby-1.9.3-p392/include/ruby-1.9.1 -I.     -O3 -ggdb -Wall -Wextra -Wno-unused-parameter -Wno-parentheses -Wno-long-long -Wno-missing-field-initializers -Wpointer-arith -Wwrite-strings -Wdeclaration-after-statement -Wimplicit-function-declaration  -fPIC conftest.c  -L. -L/home/cprice/.rvm/rubies/ruby-1.9.3-p392/lib -Wl,-R/home/cprice/.rvm/rubies/ruby-1.9.3-p392/lib -L.  -rdynamic -Wl,-export-dynamic     -Wl,-R -Wl,/home/cprice/.rvm/rubies/ruby-1.9.3-p392/lib -L/home/cprice/.rvm/rubies/ruby-1.9.3-p392/lib -lruby  -lpthread -lrt -ldl -lcrypt -lm   -lc"
conftest.c: In function ‘t’:
conftest.c:5:53: error: ‘rb_gc_total_malloced_bytes’ undeclared (first use in this function)
conftest.c:5:53: note: each undeclared identifier is reported only once for each function it appears in
conftest.c:5:28: warning: variable ‘p’ set but not used [-Wunused-but-set-variable]
checked program was:
/* begin */
1: #include "ruby.h"
2: 
3: /*top*/
4: int main() {return 0;}
5: int t() { void ((*volatile p)()); p = (void ((*)()))rb_gc_total_malloced_bytes; return 0; }
/* end */

"gcc -o conftest -I/home/cprice/.rvm/rubies/ruby-1.9.3-p392/include/ruby-1.9.1/x86_64-linux -I/home/cprice/.rvm/rubies/ruby-1.9.3-p392/include/ruby-1.9.1/ruby/backward -I/home/cprice/.rvm/rubies/ruby-1.9.3-p392/include/ruby-1.9.1 -I.     -O3 -ggdb -Wall -Wextra -Wno-unused-parameter -Wno-parentheses -Wno-long-long -Wno-missing-field-initializers -Wpointer-arith -Wwrite-strings -Wdeclaration-after-statement -Wimplicit-function-declaration  -fPIC conftest.c  -L. -L/home/cprice/.rvm/rubies/ruby-1.9.3-p392/lib -Wl,-R/home/cprice/.rvm/rubies/ruby-1.9.3-p392/lib -L.  -rdynamic -Wl,-export-dynamic     -Wl,-R -Wl,/home/cprice/.rvm/rubies/ruby-1.9.3-p392/lib -L/home/cprice/.rvm/rubies/ruby-1.9.3-p392/lib -lruby  -lpthread -lrt -ldl -lcrypt -lm   -lc"
conftest.c: In function ‘t’:
conftest.c:5:1: warning: implicit declaration of function ‘rb_gc_total_malloced_bytes’ [-Wimplicit-function-declaration]
/tmp/ccqD3DID.o: In function `t':
/opt/git/jvm-puppet/jvm-puppet/ruby/puppet/bundle/ruby/1.9.1/gems/ruby-prof-0.14.2/ext/ruby_prof/conftest.c:5: undefined reference to `rb_gc_total_malloced_bytes'
collect2: error: ld returned 1 exit status
checked program was:
/* begin */
1: #include "ruby.h"
2: 
3: /*top*/
4: int main() {return 0;}
5: int t() { rb_gc_total_malloced_bytes(); return 0; }
/* end */

--------------------

have_func: checking for rb_heap_total_mem()... -------------------- no

"gcc -o conftest -I/home/cprice/.rvm/rubies/ruby-1.9.3-p392/include/ruby-1.9.1/x86_64-linux -I/home/cprice/.rvm/rubies/ruby-1.9.3-p392/include/ruby-1.9.1/ruby/backward -I/home/cprice/.rvm/rubies/ruby-1.9.3-p392/include/ruby-1.9.1 -I.     -O3 -ggdb -Wall -Wextra -Wno-unused-parameter -Wno-parentheses -Wno-long-long -Wno-missing-field-initializers -Wpointer-arith -Wwrite-strings -Wdeclaration-after-statement -Wimplicit-function-declaration  -fPIC conftest.c  -L. -L/home/cprice/.rvm/rubies/ruby-1.9.3-p392/lib -Wl,-R/home/cprice/.rvm/rubies/ruby-1.9.3-p392/lib -L.  -rdynamic -Wl,-export-dynamic     -Wl,-R -Wl,/home/cprice/.rvm/rubies/ruby-1.9.3-p392/lib -L/home/cprice/.rvm/rubies/ruby-1.9.3-p392/lib -lruby  -lpthread -lrt -ldl -lcrypt -lm   -lc"
conftest.c: In function ‘t’:
conftest.c:5:53: error: ‘rb_heap_total_mem’ undeclared (first use in this function)
conftest.c:5:53: note: each undeclared identifier is reported only once for each function it appears in
conftest.c:5:28: warning: variable ‘p’ set but not used [-Wunused-but-set-variable]
checked program was:
/* begin */
1: #include "ruby.h"
2: 
3: /*top*/
4: int main() {return 0;}
5: int t() { void ((*volatile p)()); p = (void ((*)()))rb_heap_total_mem; return 0; }
/* end */

"gcc -o conftest -I/home/cprice/.rvm/rubies/ruby-1.9.3-p392/include/ruby-1.9.1/x86_64-linux -I/home/cprice/.rvm/rubies/ruby-1.9.3-p392/include/ruby-1.9.1/ruby/backward -I/home/cprice/.rvm/rubies/ruby-1.9.3-p392/include/ruby-1.9.1 -I.     -O3 -ggdb -Wall -Wextra -Wno-unused-parameter -Wno-parentheses -Wno-long-long -Wno-missing-field-initializers -Wpointer-arith -Wwrite-strings -Wdeclaration-after-statement -Wimplicit-function-declaration  -fPIC conftest.c  -L. -L/home/cprice/.rvm/rubies/ruby-1.9.3-p392/lib -Wl,-R/home/cprice/.rvm/rubies/ruby-1.9.3-p392/lib -L.  -rdynamic -Wl,-export-dynamic     -Wl,-R -Wl,/home/cprice/.rvm/rubies/ruby-1.9.3-p392/lib -L/home/cprice/.rvm/rubies/ruby-1.9.3-p392/lib -lruby  -lpthread -lrt -ldl -lcrypt -lm   -lc"
conftest.c: In function ‘t’:
conftest.c:5:1: warning: implicit declaration of function ‘rb_heap_total_mem’ [-Wimplicit-function-declaration]
/tmp/ccVBX9BK.o: In function `t':
/opt/git/jvm-puppet/jvm-puppet/ruby/puppet/bundle/ruby/1.9.1/gems/ruby-prof-0.14.2/ext/ruby_prof/conftest.c:5: undefined reference to `rb_heap_total_mem'
collect2: error: ld returned 1 exit status
checked program was:
/* begin */
1: #include "ruby.h"
2: 
3: /*top*/
4: int main() {return 0;}
5: int t() { rb_heap_total_mem(); return 0; }
/* end */

--------------------

have_func: checking for rb_gc_heap_info()... -------------------- no

"gcc -o conftest -I/home/cprice/.rvm/rubies/ruby-1.9.3-p392/include/ruby-1.9.1/x86_64-linux -I/home/cprice/.rvm/rubies/ruby-1.9.3-p392/include/ruby-1.9.1/ruby/backward -I/home/cprice/.rvm/rubies/ruby-1.9.3-p392/include/ruby-1.9.1 -I.     -O3 -ggdb -Wall -Wextra -Wno-unused-parameter -Wno-parentheses -Wno-long-long -Wno-missing-field-initializers -Wpointer-arith -Wwrite-strings -Wdeclaration-after-statement -Wimplicit-function-declaration  -fPIC conftest.c  -L. -L/home/cprice/.rvm/rubies/ruby-1.9.3-p392/lib -Wl,-R/home/cprice/.rvm/rubies/ruby-1.9.3-p392/lib -L.  -rdynamic -Wl,-export-dynamic     -Wl,-R -Wl,/home/cprice/.rvm/rubies/ruby-1.9.3-p392/lib -L/home/cprice/.rvm/rubies/ruby-1.9.3-p392/lib -lruby  -lpthread -lrt -ldl -lcrypt -lm   -lc"
conftest.c: In function ‘t’:
conftest.c:5:53: error: ‘rb_gc_heap_info’ undeclared (first use in this function)
conftest.c:5:53: note: each undeclared identifier is reported only once for each function it appears in
conftest.c:5:28: warning: variable ‘p’ set but not used [-Wunused-but-set-variable]
checked program was:
/* begin */
1: #include "ruby.h"
2: 
3: /*top*/
4: int main() {return 0;}
5: int t() { void ((*volatile p)()); p = (void ((*)()))rb_gc_heap_info; return 0; }
/* end */

"gcc -o conftest -I/home/cprice/.rvm/rubies/ruby-1.9.3-p392/include/ruby-1.9.1/x86_64-linux -I/home/cprice/.rvm/rubies/ruby-1.9.3-p392/include/ruby-1.9.1/ruby/backward -I/home/cprice/.rvm/rubies/ruby-1.9.3-p392/include/ruby-1.9.1 -I.     -O3 -ggdb -Wall -Wextra -Wno-unused-parameter -Wno-parentheses -Wno-long-long -Wno-missing-field-initializers -Wpointer-arith -Wwrite-strings -Wdeclaration-after-statement -Wimplicit-function-declaration  -fPIC conftest.c  -L. -L/home/cprice/.rvm/rubies/ruby-1.9.3-p392/lib -Wl,-R/home/cprice/.rvm/rubies/ruby-1.9.3-p392/lib -L.  -rdynamic -Wl,-export-dynamic     -Wl,-R -Wl,/home/cprice/.rvm/rubies/ruby-1.9.3-p392/lib -L/home/cprice/.rvm/rubies/ruby-1.9.3-p392/lib -lruby  -lpthread -lrt -ldl -lcrypt -lm   -lc"
conftest.c: In function ‘t’:
conftest.c:5:1: warning: implicit declaration of function ‘rb_gc_heap_info’ [-Wimplicit-function-declaration]
/tmp/ccWIfepT.o: In function `t':
/opt/git/jvm-puppet/jvm-puppet/ruby/puppet/bundle/ruby/1.9.1/gems/ruby-prof-0.14.2/ext/ruby_prof/conftest.c:5: undefined reference to `rb_gc_heap_info'
collect2: error: ld returned 1 exit status
checked program was:
/* begin */
1: #include "ruby.h"
2: 
3: /*top*/
4: int main() {return 0;}
5: int t() { rb_gc_heap_info(); return 0; }
/* end */

--------------------

